0 info it worked if it ends with ok
1 verbose cli [ 'E:\\Utilitaire\\Node\\node.exe',
1 verbose cli   'C:\\Users\\Sonny\\AppData\\Roaming\\npm\\node_modules\\npm\\bin\\npm-cli.js',
1 verbose cli   'start' ]
2 info using npm@3.9.5
3 info using node@v6.0.0
4 verbose run-script [ 'prestart', 'start', 'poststart' ]
5 info lifecycle angular@1.0.0~prestart: angular@1.0.0
6 silly lifecycle angular@1.0.0~prestart: no script for prestart, continuing
7 info lifecycle angular@1.0.0~start: angular@1.0.0
8 verbose lifecycle angular@1.0.0~start: unsafe-perm in lifecycle true
9 verbose lifecycle angular@1.0.0~start: PATH: C:\Users\Sonny\AppData\Roaming\npm\node_modules\npm\bin\node-gyp-bin;C:\Users\Sonny\Desktop\3WEB\projet\angular\node_modules\.bin;E:\Utilitaire\Node;E:\Utilitaire\Cmder\bin;E:\Utilitaire\Cmder\vendor\git-for-windows\bin;E:\Utilitaire\Cmder\vendor\git-for-windows\usr\bin;E:\Utilitaire\Cmder\vendor\git-for-windows\share\vim\vim74;E:\Utilitaire\Cmder\vendor\conemu-maximus5;E:\Utilitaire\Cmder\vendor\conemu-maximus5\ConEmu;C:\Program Files (x86)\NVIDIA Corporation\PhysX\Common;C:\ProgramData\Oracle\Java\javapath;c:\Program Files (x86)\AMD APP\bin\x86_64;c:\Program Files (x86)\AMD APP\bin\x86;c:\Program Files (x86)\Intel\iCLS Client\;c:\Program Files\Intel\iCLS Client\;C:\WINDOWS\system32;C:\WINDOWS;C:\WINDOWS\System32\Wbem;C:\WINDOWS\System32\WindowsPowerShell\v1.0\;c:\Program Files (x86)\ATI Technologies\ATI.ACE\Core-Static;C:\Program Files\Intel\WiFi\bin\;C:\Program Files\Common Files\Intel\WirelessCommon\;C:\Program Files\Intel\Intel(R) Management Engine Components\DAL;C:\Program Files\Intel\Intel(R) Management Engine Components\IPT;C:\Program Files (x86)\Intel\Intel(R) Management Engine Components\DAL;C:\Program Files (x86)\Intel\Intel(R) Management Engine Components\IPT;C:\Logiciels IDE\Cmder;E:\Utilitaire\wamp\bin\php\php5.5.12;C:\WINDOWS\system32\config\systemprofile\.dnx\bin;C:\Program Files\Microsoft DNX\Dnvm\;C:\Program Files\Microsoft\Web Platform Installer\;C:\Program Files\Microsoft SQL Server\120\Tools\Binn\;C:\Program Files (x86)\Skype\Phone\;C:\Program Files\Microsoft SQL Server\Client SDK\ODBC\110\Tools\Binn\;C:\Program Files (x86)\Microsoft SQL Server\120\Tools\Binn\;C:\Program Files\Microsoft SQL Server\120\DTS\Binn\;C:\Program Files (x86)\Windows Kits\8.1\Windows Performance Toolkit\;E:\Utilitaire\Node\;C:\Program Files (x86)\Microsoft Emulator Manager\1.0\;C:\Users\Sonny\.dnx\bin;C:\Program Files\Intel\WiFi\bin\;C:\Program Files\Common Files\Intel\WirelessCommon\;E:\Utilitaire\wamp\bin\php\php5.5.12;C:\Logiciels IDE\Cmder;C:\Program Files (x86)\Microsoft VS Code\bin;C:\Users\Sonny\AppData\Roaming\npm;C:\Users\Sonny\AppData\Local\atom\bin;D:\Utilitaire\Hugo\bin;E:\Utilitaire\Cmder
10 verbose lifecycle angular@1.0.0~start: CWD: C:\Users\Sonny\Desktop\3WEB\projet\angular
11 silly lifecycle angular@1.0.0~start: Args: [ '/d /s /c', 'concurrently "npm run serve" "gulp watch"' ]
12 silly lifecycle angular@1.0.0~start: Returned: code: 1  signal: null
13 info lifecycle angular@1.0.0~start: Failed to exec start script
14 verbose stack Error: angular@1.0.0 start: `concurrently "npm run serve" "gulp watch"`
14 verbose stack Exit status 1
14 verbose stack     at EventEmitter.<anonymous> (C:\Users\Sonny\AppData\Roaming\npm\node_modules\npm\lib\utils\lifecycle.js:245:16)
14 verbose stack     at emitTwo (events.js:106:13)
14 verbose stack     at EventEmitter.emit (events.js:191:7)
14 verbose stack     at ChildProcess.<anonymous> (C:\Users\Sonny\AppData\Roaming\npm\node_modules\npm\lib\utils\spawn.js:24:14)
14 verbose stack     at emitTwo (events.js:106:13)
14 verbose stack     at ChildProcess.emit (events.js:191:7)
14 verbose stack     at maybeClose (internal/child_process.js:850:16)
14 verbose stack     at Process.ChildProcess._handle.onexit (internal/child_process.js:215:5)
15 verbose pkgid angular@1.0.0
16 verbose cwd C:\Users\Sonny\Desktop\3WEB\projet\angular
17 error Windows_NT 10.0.10240
18 error argv "E:\\Utilitaire\\Node\\node.exe" "C:\\Users\\Sonny\\AppData\\Roaming\\npm\\node_modules\\npm\\bin\\npm-cli.js" "start"
19 error node v6.0.0
20 error npm  v3.9.5
21 error code ELIFECYCLE
22 error angular@1.0.0 start: `concurrently "npm run serve" "gulp watch"`
22 error Exit status 1
23 error Failed at the angular@1.0.0 start script 'concurrently "npm run serve" "gulp watch"'.
23 error Make sure you have the latest version of node.js and npm installed.
23 error If you do, this is most likely a problem with the angular package,
23 error not with npm itself.
23 error Tell the author that this fails on your system:
23 error     concurrently "npm run serve" "gulp watch"
23 error You can get information on how to open an issue for this project with:
23 error     npm bugs angular
23 error Or if that isn't available, you can get their info via:
23 error     npm owner ls angular
23 error There is likely additional logging output above.
24 verbose exit [ 1, true ]
